<?xml version="1.0" encoding="UTF-8"?>
<!-- Generated by org.testng.reporters.JUnitReportReporter -->
<testsuite hostname="LAPTOP-38D869DN" failures="0" tests="2" name="tests.SubmitOrderTest" time="24.526" errors="0" timestamp="2023-02-06T09:45:47 GMT-05:00" skipped="0">
  <testcase classname="tests.SubmitOrderTest" name="regression" time="11.442"/>
  <system-out/>
  <testcase classname="tests.SubmitOrderTest" name="regression" time="13.084"/>
  <system-out/>
</testsuite> <!-- tests.SubmitOrderTest -->
