<?xml version="1.0" encoding="UTF-8"?>
<!-- Generated by org.testng.reporters.JUnitReportReporter -->
<testsuite hostname="LAPTOP-38D869DN" failures="0" tests="2" name="tests.SubmitOrderTest" time="22.788" errors="0" timestamp="2023-02-07T10:31:42 GMT-05:00" skipped="0">
  <testcase classname="tests.SubmitOrderTest" name="regression" time="10.857"/>
  <system-out/>
  <testcase classname="tests.SubmitOrderTest" name="regression" time="11.931"/>
  <system-out/>
</testsuite> <!-- tests.SubmitOrderTest -->
